<?xml version="1.0" encoding="UTF-8"?>
<!-- Generated by org.testng.reporters.JUnitReportReporter -->
<testsuite hostname="FVFHXGKDQ6LR" failures="0" tests="1" name="CollectionOfRequest.Put" time="0.856" errors="0" timestamp="2023-05-16T16:01:18 IST" skipped="0">
  <testcase classname="CollectionOfRequest.Put" name="M1" time="0.856"/>
  <system-out/>
</testsuite> <!-- CollectionOfRequest.Put -->
