<?xml version="1.0" encoding="UTF-8"?>
<!-- Generated by org.testng.reporters.JUnitReportReporter -->
<testsuite hostname="FVFHXGKDQ6LR" failures="0" tests="1" name="REST_ASSURED.Assignment1" time="0.782" errors="0" timestamp="2023-05-18T10:21:30 IST" skipped="0">
  <testcase classname="REST_ASSURED.Assignment1" name="test_ListUsers" time="0.782"/>
  <system-out/>
</testsuite> <!-- REST_ASSURED.Assignment1 -->
