<?xml version="1.0" encoding="UTF-8"?>
<!-- Generated by org.testng.reporters.JUnitReportReporter -->
<testsuite hostname="FVFHXGKDQ6LR" failures="0" tests="1" name="CollectionOfRequest.Patch" time="0.901" errors="0" timestamp="2023-05-16T15:42:17 IST" skipped="0">
  <testcase classname="CollectionOfRequest.Patch" name="TC1" time="0.901"/>
  <system-out/>
</testsuite> <!-- CollectionOfRequest.Patch -->
