<?xml version="1.0" encoding="UTF-8"?>
<!-- Generated by org.testng.reporters.JUnitReportReporter -->
<testsuite hostname="FVFHXGKDQ6LR" failures="0" tests="1" name="REST_ASSURED.Assignment3" time="1.167" errors="0" timestamp="2023-05-18T10:21:43 IST" skipped="0">
  <testcase classname="REST_ASSURED.Assignment3" name="test_createUser" time="1.167"/>
  <system-out/>
</testsuite> <!-- REST_ASSURED.Assignment3 -->
