<?xml version="1.0" encoding="UTF-8"?>
<!-- Generated by org.testng.reporters.JUnitReportReporter -->
<testsuite hostname="FVFHXGKDQ6LR" failures="0" tests="1" name="CollectionOfRequest.Get" time="1.123" errors="0" timestamp="2023-05-16T12:11:52 IST" skipped="0">
  <testcase classname="CollectionOfRequest.Get" name="TC1" time="1.123"/>
  <system-out/>
</testsuite> <!-- CollectionOfRequest.Get -->
