<?xml version="1.0" encoding="UTF-8"?>
<!-- Generated by org.testng.reporters.JUnitReportReporter -->
<testsuite hostname="FVFHXGKDQ6LR" failures="0" tests="1" name="CollectionOfRequest.Post" time="1.004" errors="0" timestamp="2023-05-16T12:23:37 IST" skipped="0">
  <testcase classname="CollectionOfRequest.Post" name="TC1" time="1.004"/>
  <system-out/>
</testsuite> <!-- CollectionOfRequest.Post -->
