<?xml version="1.0" encoding="UTF-8"?>
<!-- Generated by org.testng.reporters.JUnitReportReporter -->
<testsuite hostname="FVFHXGKDQ6LR" failures="0" tests="1" name="REST_ASSURED.Assignment5" time="1.168" errors="0" timestamp="2023-05-18T10:22:05 IST" skipped="0">
  <testcase classname="REST_ASSURED.Assignment5" name="test_patchUser" time="1.168"/>
  <system-out/>
</testsuite> <!-- REST_ASSURED.Assignment5 -->
