<?xml version="1.0" encoding="UTF-8"?>
<!-- Generated by org.testng.reporters.JUnitReportReporter -->
<testsuite hostname="FVFHXGKDQ6LR" failures="0" tests="1" name="REST_ASSURED.Assignment4" time="1.182" errors="0" timestamp="2023-05-18T10:21:55 IST" skipped="0">
  <testcase classname="REST_ASSURED.Assignment4" name="test_updateUser" time="1.182"/>
  <system-out/>
</testsuite> <!-- REST_ASSURED.Assignment4 -->
